TN:
SF:src\components\Footer.jsx
FN:3,Footer
FNF:1
FNH:1
FNDA:5,Footer
DA:4,5
LF:1
LH:1
BRF:0
BRH:0
end_of_record
TN:
SF:src\components\Header.jsx
FN:3,Header
FNF:1
FNH:1
FNDA:1,Header
DA:4,1
LF:1
LH:1
BRF:0
BRH:0
end_of_record
TN:
SF:src\components\ItemCard.jsx
FN:7,ItemCard
FN:26,(anonymous_1)
FN:66,(anonymous_2)
FN:98,(anonymous_3)
FN:109,(anonymous_4)
FN:150,(anonymous_5)
FN:151,(anonymous_6)
FN:161,(anonymous_7)
FN:162,(anonymous_8)
FN:172,(anonymous_9)
FN:173,(anonymous_10)
FN:181,(anonymous_11)
FN:182,(anonymous_12)
FN:198,(anonymous_13)
FN:224,(anonymous_14)
FN:237,(anonymous_15)
FN:254,(anonymous_16)
FN:261,(anonymous_17)
FNF:18
FNH:12
FNDA:69,ItemCard
FNDA:7,(anonymous_1)
FNDA:5,(anonymous_2)
FNDA:5,(anonymous_3)
FNDA:1,(anonymous_4)
FNDA:1,(anonymous_5)
FNDA:1,(anonymous_6)
FNDA:2,(anonymous_7)
FNDA:2,(anonymous_8)
FNDA:0,(anonymous_9)
FNDA:0,(anonymous_10)
FNDA:0,(anonymous_11)
FNDA:0,(anonymous_12)
FNDA:0,(anonymous_13)
FNDA:5,(anonymous_14)
FNDA:0,(anonymous_15)
FNDA:5,(anonymous_16)
FNDA:8,(anonymous_17)
DA:8,69
DA:9,69
DA:10,69
DA:12,69
DA:14,69
DA:21,69
DA:23,69
DA:26,69
DA:27,7
DA:28,7
DA:29,7
DA:30,7
DA:31,1
DA:32,7
DA:33,2
DA:34,7
DA:35,0
DA:36,7
DA:37,0
DA:39,7
DA:40,4
DA:41,4
DA:44,3
DA:52,3
DA:53,3
DA:55,2
DA:56,2
DA:58,1
DA:59,1
DA:61,7
DA:66,69
DA:67,5
DA:68,5
DA:69,3
DA:70,3
DA:72,2
DA:73,2
DA:74,2
DA:75,5
DA:83,2
DA:84,2
DA:86,1
DA:87,1
DA:88,1
DA:90,1
DA:91,1
DA:93,2
DA:98,69
DA:99,5
DA:100,3
DA:101,3
DA:102,3
DA:109,3
DA:110,3
DA:111,1
DA:113,2
DA:114,2
DA:116,3
DA:120,69
DA:151,1
DA:162,2
DA:173,0
DA:182,0
DA:199,0
DA:200,0
DA:224,5
DA:238,0
DA:239,0
DA:254,5
DA:261,8
LF:70
LH:62
BRDA:15,0,0,69
BRDA:15,0,1,2
BRDA:16,1,0,69
BRDA:16,1,1,5
BRDA:17,2,0,69
BRDA:17,2,1,2
BRDA:18,3,0,69
BRDA:18,3,1,5
BRDA:30,4,0,1
BRDA:30,4,1,6
BRDA:32,5,0,2
BRDA:32,5,1,5
BRDA:34,6,0,0
BRDA:34,6,1,7
BRDA:36,7,0,0
BRDA:36,7,1,7
BRDA:39,8,0,4
BRDA:39,8,1,3
BRDA:53,9,0,1
BRDA:53,9,1,2
BRDA:53,10,0,1
BRDA:53,10,1,0
BRDA:68,11,0,3
BRDA:68,11,1,2
BRDA:68,12,0,5
BRDA:68,12,1,5
BRDA:74,13,0,2
BRDA:74,13,1,0
BRDA:84,14,0,1
BRDA:84,14,1,1
BRDA:84,15,0,1
BRDA:84,15,1,0
BRDA:99,16,0,2
BRDA:99,16,1,3
BRDA:110,17,0,2
BRDA:110,17,1,1
BRDA:110,18,0,2
BRDA:110,18,1,1
BRDA:125,19,0,69
BRDA:125,19,1,54
BRDA:125,19,2,41
BRDA:133,20,0,41
BRDA:133,20,1,1
BRDA:137,21,0,39
BRDA:137,21,1,2
BRDA:143,22,0,69
BRDA:143,22,1,15
BRDA:201,23,0,0
BRDA:201,23,1,0
BRDA:202,24,0,0
BRDA:202,24,1,0
BRDA:203,25,0,0
BRDA:203,25,1,0
BRDA:204,26,0,0
BRDA:204,26,1,0
BRDA:216,27,0,69
BRDA:216,27,1,13
BRDA:216,27,2,13
BRDA:250,28,0,69
BRDA:250,28,1,54
BRDA:250,28,2,41
BRF:61
BRH:48
end_of_record
TN:
SF:src\components\Layout.jsx
FNF:0
FNH:0
LF:0
LH:0
BRF:0
BRH:0
end_of_record
TN:
SF:src\components\LowStockAlert.jsx
FN:6,LowStockAlert
FN:16,(anonymous_1)
FN:18,(anonymous_2)
FN:20,(anonymous_3)
FN:47,(anonymous_4)
FN:54,(anonymous_5)
FN:56,(anonymous_6)
FN:69,(anonymous_7)
FN:87,(anonymous_8)
FNF:9
FNH:9
FNDA:46,LowStockAlert
FNDA:11,(anonymous_1)
FNDA:11,(anonymous_2)
FNDA:11,(anonymous_3)
FNDA:11,(anonymous_4)
FNDA:22,(anonymous_5)
FNDA:6,(anonymous_6)
FNDA:2,(anonymous_7)
FNDA:6,(anonymous_8)
DA:7,46
DA:8,46
DA:9,46
DA:11,46
DA:13,46
DA:16,46
DA:18,46
DA:19,11
DA:20,11
DA:21,11
DA:22,11
DA:23,11
DA:33,10
DA:34,10
DA:35,10
DA:36,11
DA:38,11
DA:39,11
DA:41,1
DA:42,1
DA:44,11
DA:47,11
DA:48,11
DA:54,46
DA:55,22
DA:56,6
DA:59,22
DA:63,46
DA:65,6
DA:66,2
DA:69,4
DA:71,2
DA:74,4
DA:88,6
LF:34
LH:34
BRDA:6,0,0,46
BRDA:13,1,0,46
BRDA:13,1,1,0
BRDA:34,2,0,0
BRDA:34,2,1,10
BRDA:35,3,0,10
BRDA:35,3,1,0
BRDA:39,4,0,11
BRDA:39,4,1,10
BRDA:44,5,0,11
BRDA:44,5,1,0
BRDA:56,6,0,6
BRDA:56,6,1,0
BRDA:63,7,0,40
BRDA:63,7,1,6
BRDA:63,8,0,46
BRDA:63,8,1,35
BRDA:65,9,0,2
BRDA:65,9,1,4
BRDA:65,10,0,6
BRDA:65,10,1,2
BRDA:92,11,0,6
BRDA:92,11,1,0
BRDA:95,12,0,6
BRDA:95,12,1,3
BRF:25
BRH:19
end_of_record
TN:
SF:src\components\modals\SupprimerUserModal.jsx
FN:5,SupprimerUserModal
FNF:1
FNH:1
FNDA:34,SupprimerUserModal
DA:13,34
DA:14,11
LF:2
LH:2
BRDA:13,0,0,23
BRDA:13,0,1,11
BRDA:23,1,0,11
BRDA:23,1,1,1
BRDA:26,2,0,34
BRDA:26,2,1,1
BRDA:43,3,0,5
BRDA:43,3,1,6
BRF:8
BRH:8
end_of_record
TN:
SF:src\pageCommandes\PageCommandes.jsx
FN:7,PageCommandes
FN:28,(anonymous_1)
FN:36,(anonymous_2)
FN:71,(anonymous_3)
FN:91,(anonymous_4)
FN:106,(anonymous_5)
FN:109,(anonymous_6)
FN:110,(anonymous_7)
FN:121,(anonymous_8)
FN:136,(anonymous_9)
FN:139,(anonymous_10)
FN:139,(anonymous_11)
FN:150,(anonymous_12)
FN:191,(anonymous_13)
FN:192,(anonymous_14)
FN:198,(anonymous_15)
FN:205,(anonymous_16)
FN:206,(anonymous_17)
FN:207,(anonymous_18)
FN:211,(anonymous_19)
FN:213,(anonymous_20)
FN:216,(anonymous_21)
FN:217,(anonymous_22)
FN:221,(anonymous_23)
FN:222,(anonymous_24)
FN:223,(anonymous_25)
FN:224,(anonymous_26)
FN:224,(anonymous_27)
FN:226,(anonymous_28)
FN:227,(anonymous_29)
FN:235,(anonymous_30)
FN:237,(anonymous_31)
FN:242,(anonymous_32)
FN:250,(anonymous_33)
FN:251,(anonymous_34)
FN:305,(anonymous_35)
FN:321,(anonymous_36)
FN:326,(anonymous_37)
FN:340,(anonymous_38)
FN:348,(anonymous_39)
FN:349,(anonymous_40)
FN:359,(anonymous_41)
FN:366,(anonymous_42)
FN:379,(anonymous_43)
FN:410,(anonymous_44)
FN:429,(anonymous_45)
FN:493,(anonymous_46)
FN:501,(anonymous_47)
FN:512,(anonymous_48)
FN:539,(anonymous_49)
FN:546,(anonymous_50)
FN:561,(anonymous_51)
FN:571,(anonymous_52)
FN:585,BadgeStatut
FNF:54
FNH:43
FNDA:96,PageCommandes
FNDA:24,(anonymous_1)
FNDA:24,(anonymous_2)
FNDA:5,(anonymous_3)
FNDA:4,(anonymous_4)
FNDA:0,(anonymous_5)
FNDA:3,(anonymous_6)
FNDA:3,(anonymous_7)
FNDA:5,(anonymous_8)
FNDA:0,(anonymous_9)
FNDA:2,(anonymous_10)
FNDA:2,(anonymous_11)
FNDA:9,(anonymous_12)
FNDA:41,(anonymous_13)
FNDA:39,(anonymous_14)
FNDA:2,(anonymous_15)
FNDA:4,(anonymous_16)
FNDA:4,(anonymous_17)
FNDA:4,(anonymous_18)
FNDA:3,(anonymous_19)
FNDA:3,(anonymous_20)
FNDA:3,(anonymous_21)
FNDA:3,(anonymous_22)
FNDA:0,(anonymous_23)
FNDA:0,(anonymous_24)
FNDA:0,(anonymous_25)
FNDA:0,(anonymous_26)
FNDA:0,(anonymous_27)
FNDA:96,(anonymous_28)
FNDA:21,(anonymous_29)
FNDA:11,(anonymous_30)
FNDA:8,(anonymous_31)
FNDA:2,(anonymous_32)
FNDA:2,(anonymous_33)
FNDA:2,(anonymous_34)
FNDA:3,(anonymous_35)
FNDA:3,(anonymous_36)
FNDA:16,(anonymous_37)
FNDA:0,(anonymous_38)
FNDA:31,(anonymous_39)
FNDA:19,(anonymous_40)
FNDA:4,(anonymous_41)
FNDA:0,(anonymous_42)
FNDA:19,(anonymous_43)
FNDA:3,(anonymous_44)
FNDA:0,(anonymous_45)
FNDA:1,(anonymous_46)
FNDA:0,(anonymous_47)
FNDA:41,(anonymous_48)
FNDA:3,(anonymous_49)
FNDA:1,(anonymous_50)
FNDA:4,(anonymous_51)
FNDA:5,(anonymous_52)
FNDA:46,BadgeStatut
DA:8,96
DA:9,96
DA:11,96
DA:13,96
DA:14,96
DA:15,96
DA:16,96
DA:18,96
DA:21,96
DA:22,96
DA:23,96
DA:24,96
DA:25,96
DA:26,96
DA:28,96
DA:29,24
DA:30,1
DA:31,1
DA:33,23
DA:36,96
DA:37,24
DA:38,24
DA:39,24
DA:49,24
DA:50,24
DA:52,24
DA:62,23
DA:63,23
DA:65,1
DA:67,24
DA:71,96
DA:72,5
DA:73,5
DA:83,4
DA:84,4
DA:86,1
DA:87,1
DA:91,96
DA:92,4
DA:93,4
DA:94,4
DA:105,4
DA:106,1
DA:107,1
DA:109,3
DA:110,3
DA:112,3
DA:114,1
DA:115,1
DA:117,4
DA:121,96
DA:122,5
DA:123,3
DA:124,3
DA:125,3
DA:135,3
DA:136,1
DA:137,1
DA:139,2
DA:140,2
DA:142,1
DA:143,1
DA:145,3
DA:150,96
DA:151,9
DA:152,9
DA:153,9
DA:154,9
DA:164,7
DA:165,7
DA:167,2
DA:168,2
DA:171,9
DA:172,9
DA:173,9
DA:183,8
DA:184,8
DA:186,1
DA:191,96
DA:192,41
DA:193,41
DA:198,96
DA:199,2
DA:200,2
DA:201,2
DA:202,2
DA:205,96
DA:206,4
DA:207,4
DA:211,96
DA:212,3
DA:213,3
DA:214,3
DA:215,3
DA:216,3
DA:217,3
DA:221,96
DA:222,0
DA:223,96
DA:224,0
DA:226,96
DA:227,96
DA:228,96
DA:229,96
DA:233,96
DA:236,11
DA:237,8
DA:238,8
DA:239,11
DA:242,96
DA:243,2
DA:244,2
DA:245,2
DA:246,2
DA:247,2
DA:250,2
DA:251,2
DA:257,2
DA:268,2
DA:269,2
DA:271,1
DA:272,1
DA:273,1
DA:275,1
DA:277,1
DA:278,1
DA:279,1
DA:283,96
DA:284,24
DA:292,72
DA:305,3
DA:321,3
DA:327,16
DA:340,0
DA:349,31
DA:350,31
DA:351,31
DA:352,31
DA:359,4
DA:368,0
DA:373,0
DA:377,0
DA:380,19
DA:382,19
DA:383,19
DA:388,19
DA:411,3
DA:429,0
DA:494,1
DA:501,0
DA:513,41
DA:539,3
DA:547,1
DA:561,4
DA:571,5
DA:586,46
DA:587,46
DA:592,46
LF:158
LH:150
BRDA:29,0,0,1
BRDA:29,0,1,23
BRDA:50,1,0,24
BRDA:50,1,1,0
BRDA:84,2,0,4
BRDA:84,2,1,0
BRDA:105,3,0,1
BRDA:105,3,1,3
BRDA:107,4,0,1
BRDA:107,4,1,0
BRDA:110,5,0,3
BRDA:110,5,1,0
BRDA:112,6,0,1
BRDA:112,6,1,2
BRDA:122,7,0,2
BRDA:122,7,1,3
BRDA:135,8,0,1
BRDA:135,8,1,2
BRDA:137,9,0,1
BRDA:137,9,1,0
BRDA:140,10,0,0
BRDA:140,10,1,2
BRDA:152,11,0,9
BRDA:152,11,1,0
BRDA:165,12,0,7
BRDA:165,12,1,0
BRDA:171,13,0,9
BRDA:171,13,1,0
BRDA:184,14,0,8
BRDA:184,14,1,0
BRDA:193,15,0,38
BRDA:193,15,1,3
BRDA:207,16,0,4
BRDA:207,16,1,0
BRDA:214,17,0,3
BRDA:214,17,1,0
BRDA:215,18,0,3
BRDA:215,18,1,0
BRDA:217,19,0,3
BRDA:217,19,1,0
BRDA:228,20,0,96
BRDA:228,20,1,86
BRDA:229,21,0,96
BRDA:229,21,1,0
BRDA:233,22,0,96
BRDA:233,22,1,11
BRDA:233,22,2,11
BRDA:236,23,0,3
BRDA:236,23,1,8
BRDA:238,24,0,8
BRDA:238,24,1,0
BRDA:239,25,0,11
BRDA:239,25,1,8
BRDA:239,26,0,11
BRDA:239,26,1,0
BRDA:244,27,0,0
BRDA:244,27,1,2
BRDA:250,28,0,2
BRDA:250,28,1,2
BRDA:269,29,0,1
BRDA:269,29,1,1
BRDA:269,30,0,1
BRDA:269,30,1,0
BRDA:275,31,0,1
BRDA:275,31,1,0
BRDA:283,32,0,24
BRDA:283,32,1,72
BRDA:302,33,0,72
BRDA:302,33,1,31
BRDA:305,34,0,3
BRDA:305,34,1,1
BRDA:316,35,0,16
BRDA:316,35,1,15
BRDA:328,36,0,15
BRDA:328,36,1,1
BRDA:329,37,0,16
BRDA:329,37,1,1
BRDA:350,38,0,31
BRDA:350,38,1,21
BRDA:351,39,0,31
BRDA:351,39,1,21
BRDA:368,40,0,0
BRDA:368,40,1,0
BRDA:368,41,0,0
BRDA:368,41,1,0
BRDA:368,42,0,0
BRDA:368,42,1,0
BRDA:373,43,0,0
BRDA:373,43,1,0
BRDA:373,44,0,0
BRDA:373,44,1,0
BRDA:373,45,0,0
BRDA:373,45,1,0
BRDA:380,46,0,19
BRDA:380,46,1,0
BRDA:382,47,0,19
BRDA:382,47,1,19
BRDA:387,48,0,0
BRDA:387,48,1,19
BRDA:408,49,0,31
BRDA:408,49,1,21
BRDA:415,50,0,31
BRDA:415,50,1,10
BRDA:422,51,0,31
BRDA:422,51,1,0
BRDA:461,52,0,31
BRDA:461,52,1,8
BRDA:463,53,0,2
BRDA:463,53,1,29
BRDA:471,54,0,96
BRDA:471,54,1,5
BRDA:475,55,0,5
BRDA:475,55,1,0
BRDA:481,56,0,5
BRDA:481,56,1,1
BRDA:481,57,0,5
BRDA:481,57,1,0
BRDA:486,58,0,5
BRDA:486,58,1,1
BRDA:486,59,0,5
BRDA:486,59,1,0
BRDA:488,60,0,1
BRDA:488,60,1,0
BRDA:493,61,0,5
BRDA:493,61,1,0
BRDA:509,62,0,34
BRDA:509,62,1,38
BRDA:516,63,0,41
BRDA:516,63,1,1
BRDA:529,64,0,41
BRDA:529,64,1,2
BRDA:560,65,0,41
BRDA:560,65,1,1
BRDA:586,66,0,46
BRDA:586,66,1,0
BRDA:587,67,0,6
BRDA:587,67,1,40
BRDA:589,68,0,3
BRDA:589,68,1,37
BRF:139
BRH:98
end_of_record
TN:
SF:src\pageErreur\PageErreur.jsx
FN:3,(anonymous_0)
FNF:1
FNH:1
FNDA:1,(anonymous_0)
DA:3,1
DA:4,1
LF:2
LH:2
BRF:0
BRH:0
end_of_record
TN:
SF:src\pageInventaire\PageInventaire.jsx
FN:9,PageInventaire
FN:29,(anonymous_1)
FN:45,(anonymous_2)
FN:53,(anonymous_3)
FN:63,(anonymous_4)
FN:68,(anonymous_5)
FN:129,(anonymous_6)
FN:141,(anonymous_7)
FN:157,(anonymous_8)
FN:158,(anonymous_9)
FN:172,(anonymous_10)
FN:173,(anonymous_11)
FN:185,(anonymous_12)
FN:186,(anonymous_13)
FN:200,(anonymous_14)
FN:201,(anonymous_15)
FNF:16
FNH:14
FNDA:35,PageInventaire
FNDA:7,(anonymous_1)
FNDA:7,(anonymous_2)
FNDA:5,(anonymous_3)
FNDA:1,(anonymous_4)
FNDA:5,(anonymous_5)
FNDA:8,(anonymous_6)
FNDA:1,(anonymous_7)
FNDA:5,(anonymous_8)
FNDA:5,(anonymous_9)
FNDA:4,(anonymous_10)
FNDA:4,(anonymous_11)
FNDA:4,(anonymous_12)
FNDA:4,(anonymous_13)
FNDA:0,(anonymous_14)
FNDA:0,(anonymous_15)
DA:10,35
DA:11,35
DA:13,35
DA:15,35
DA:18,35
DA:19,35
DA:20,35
DA:27,35
DA:29,35
DA:30,7
DA:31,7
DA:38,7
DA:39,7
DA:41,0
DA:45,35
DA:46,7
DA:47,1
DA:48,1
DA:50,6
DA:53,35
DA:54,5
DA:60,5
DA:63,35
DA:64,1
DA:65,1
DA:68,35
DA:69,5
DA:72,5
DA:73,5
DA:74,5
DA:76,5
DA:77,1
DA:78,1
DA:80,4
DA:81,1
DA:82,1
DA:84,3
DA:85,1
DA:86,1
DA:89,2
DA:90,2
DA:92,2
DA:105,2
DA:106,2
DA:108,1
DA:109,1
DA:111,1
DA:112,1
DA:113,1
DA:117,35
DA:130,8
DA:141,1
DA:158,5
DA:173,4
DA:186,4
DA:201,0
LF:56
LH:54
BRDA:39,0,0,7
BRDA:39,0,1,0
BRDA:46,1,0,1
BRDA:46,1,1,6
BRDA:72,2,0,5
BRDA:72,2,1,0
BRDA:76,3,0,1
BRDA:76,3,1,4
BRDA:80,4,0,1
BRDA:80,4,1,3
BRDA:80,5,0,4
BRDA:80,5,1,4
BRDA:84,6,0,1
BRDA:84,6,1,2
BRDA:84,7,0,3
BRDA:84,7,1,2
BRDA:106,8,0,1
BRDA:106,8,1,1
BRDA:106,9,0,1
BRDA:106,9,1,0
BRDA:128,10,0,8
BRDA:128,10,1,27
BRDA:138,11,0,35
BRDA:138,11,1,21
BRDA:141,12,0,1
BRDA:141,12,1,0
BRDA:216,13,0,2
BRDA:216,13,1,19
BRF:28
BRH:24
end_of_record
TN:
SF:src\pageProfil\Profil.jsx
FN:10,Profil
FN:19,(anonymous_1)
FN:25,(anonymous_2)
FN:47,(anonymous_3)
FN:54,(anonymous_4)
FN:70,(anonymous_5)
FN:86,(anonymous_6)
FN:112,(anonymous_7)
FN:118,(anonymous_8)
FN:139,(anonymous_9)
FNF:10
FNH:9
FNDA:28,Profil
FNDA:9,(anonymous_1)
FNDA:8,(anonymous_2)
FNDA:4,(anonymous_3)
FNDA:3,(anonymous_4)
FNDA:3,(anonymous_5)
FNDA:0,(anonymous_6)
FNDA:12,(anonymous_7)
FNDA:4,(anonymous_8)
FNDA:1,(anonymous_9)
DA:11,28
DA:12,28
DA:13,28
DA:14,28
DA:15,28
DA:16,28
DA:17,28
DA:19,28
DA:20,9
DA:25,28
DA:26,8
DA:27,8
DA:34,8
DA:35,7
DA:36,7
DA:38,1
DA:39,1
DA:47,28
DA:48,4
DA:49,4
DA:50,4
DA:54,28
DA:55,3
DA:57,3
DA:58,0
DA:62,0
DA:63,0
DA:66,3
DA:67,3
DA:70,3
DA:71,3
DA:72,3
DA:74,3
DA:75,3
DA:83,3
DA:85,1
DA:86,1
DA:87,1
DA:90,2
DA:94,1
DA:95,1
DA:97,3
DA:98,3
DA:99,3
DA:103,28
DA:113,12
DA:118,4
DA:140,1
DA:141,1
LF:49
LH:46
BRDA:17,0,0,28
BRDA:17,0,1,0
BRDA:20,1,0,8
BRDA:20,1,1,1
BRDA:34,2,0,1
BRDA:34,2,1,7
BRDA:36,3,0,7
BRDA:36,3,1,1
BRDA:48,4,0,4
BRDA:48,4,1,0
BRDA:55,5,0,0
BRDA:55,5,1,3
BRDA:57,6,0,0
BRDA:57,6,1,3
BRDA:57,7,0,3
BRDA:57,7,1,3
BRDA:71,8,0,3
BRDA:71,8,1,0
BRDA:71,9,0,3
BRDA:71,9,1,3
BRDA:79,10,0,2
BRDA:79,10,1,1
BRDA:83,11,0,1
BRDA:83,11,1,2
BRDA:107,12,0,27
BRDA:107,12,1,1
BRDA:109,13,0,15
BRDA:109,13,1,12
BRDA:114,14,0,12
BRDA:114,14,1,0
BRDA:115,15,0,12
BRDA:115,15,1,3
BRDA:115,16,0,0
BRDA:115,16,1,3
BRDA:119,17,0,12
BRDA:119,17,1,12
BRDA:136,18,0,28
BRDA:136,18,1,24
BRDA:136,18,2,24
BRF:39
BRH:32
end_of_record
