TN:
SF:src\components\Footer.jsx
FN:3,Footer
FNF:1
FNH:1
FNDA:5,Footer
DA:4,5
LF:1
LH:1
BRF:0
BRH:0
end_of_record
TN:
SF:src\components\Header.jsx
FN:3,Header
FNF:1
FNH:1
FNDA:1,Header
DA:4,1
LF:1
LH:1
BRF:0
BRH:0
end_of_record
TN:
SF:src\components\ItemCard.jsx
FN:6,LabeledInput
FN:15,ActionButtons
FN:28,ItemCard
FN:46,(anonymous_3)
FN:55,(anonymous_4)
FN:68,(anonymous_5)
FN:73,(anonymous_6)
FN:80,(anonymous_7)
FN:103,(anonymous_8)
FN:130,(anonymous_9)
FN:173,(anonymous_10)
FN:173,(anonymous_11)
FN:180,(anonymous_12)
FN:180,(anonymous_13)
FN:187,(anonymous_14)
FN:188,(anonymous_15)
FN:195,(anonymous_16)
FN:196,(anonymous_17)
FN:205,(anonymous_18)
FN:221,(anonymous_19)
FN:226,(anonymous_20)
FN:239,(anonymous_21)
FN:246,(anonymous_22)
FNF:23
FNH:16
FNDA:58,LabeledInput
FNDA:28,ActionButtons
FNDA:69,ItemCard
FNDA:0,(anonymous_3)
FNDA:7,(anonymous_4)
FNDA:8,(anonymous_5)
FNDA:1,(anonymous_6)
FNDA:7,(anonymous_7)
FNDA:5,(anonymous_8)
FNDA:5,(anonymous_9)
FNDA:1,(anonymous_10)
FNDA:1,(anonymous_11)
FNDA:2,(anonymous_12)
FNDA:2,(anonymous_13)
FNDA:0,(anonymous_14)
FNDA:0,(anonymous_15)
FNDA:0,(anonymous_16)
FNDA:0,(anonymous_17)
FNDA:0,(anonymous_18)
FNDA:5,(anonymous_19)
FNDA:0,(anonymous_20)
FNDA:5,(anonymous_21)
FNDA:8,(anonymous_22)
DA:7,58
DA:16,28
DA:29,69
DA:30,69
DA:31,69
DA:33,69
DA:35,69
DA:42,69
DA:44,69
DA:46,69
DA:47,0
DA:55,69
DA:56,7
DA:57,7
DA:58,7
DA:59,2
DA:60,7
DA:61,0
DA:62,7
DA:63,0
DA:64,7
DA:67,69
DA:69,8
DA:73,8
DA:74,8
DA:75,4
DA:80,69
DA:81,7
DA:82,7
DA:83,4
DA:84,4
DA:86,3
DA:87,3
DA:88,3
DA:93,2
DA:94,2
DA:96,1
DA:97,1
DA:99,3
DA:103,69
DA:104,5
DA:105,5
DA:106,3
DA:107,3
DA:109,2
DA:110,2
DA:111,2
DA:112,5
DA:119,1
DA:120,1
DA:121,1
DA:123,1
DA:124,1
DA:126,2
DA:130,69
DA:131,5
DA:132,3
DA:133,3
DA:134,3
DA:138,1
DA:140,2
DA:141,2
DA:143,3
DA:147,69
DA:173,1
DA:180,2
DA:188,0
DA:196,0
DA:206,0
DA:207,0
DA:221,5
DA:227,0
DA:228,0
DA:239,5
DA:246,8
LF:75
LH:66
BRDA:6,0,0,58
BRDA:36,1,0,69
BRDA:36,1,1,2
BRDA:37,2,0,69
BRDA:37,2,1,5
BRDA:38,3,0,69
BRDA:38,3,1,2
BRDA:39,4,0,69
BRDA:39,4,1,5
BRDA:48,5,0,0
BRDA:48,5,1,0
BRDA:49,6,0,0
BRDA:49,6,1,0
BRDA:50,7,0,0
BRDA:50,7,1,0
BRDA:51,8,0,0
BRDA:51,8,1,0
BRDA:57,9,0,1
BRDA:57,9,1,6
BRDA:58,10,0,2
BRDA:58,10,1,5
BRDA:60,11,0,0
BRDA:60,11,1,7
BRDA:62,12,0,0
BRDA:62,12,1,7
BRDA:70,13,0,8
BRDA:70,13,1,2
BRDA:74,14,0,4
BRDA:74,14,1,4
BRDA:74,15,0,4
BRDA:74,15,1,1
BRDA:82,16,0,4
BRDA:82,16,1,3
BRDA:105,17,0,3
BRDA:105,17,1,2
BRDA:105,18,0,5
BRDA:105,18,1,5
BRDA:111,19,0,2
BRDA:111,19,1,0
BRDA:131,20,0,2
BRDA:131,20,1,3
BRDA:151,21,0,69
BRDA:151,21,1,54
BRDA:151,21,2,41
BRDA:159,22,0,41
BRDA:159,22,1,1
BRDA:163,23,0,39
BRDA:163,23,1,2
BRDA:168,24,0,69
BRDA:168,24,1,15
BRDA:214,25,0,69
BRDA:214,25,1,13
BRDA:214,25,2,13
BRDA:235,26,0,69
BRDA:235,26,1,54
BRDA:235,26,2,41
BRF:56
BRH:45
end_of_record
TN:
SF:src\components\Layout.jsx
FNF:0
FNH:0
LF:0
LH:0
BRF:0
BRH:0
end_of_record
TN:
SF:src\components\LowStockAlert.jsx
FN:6,LowStockAlert
FN:16,(anonymous_1)
FN:18,(anonymous_2)
FN:20,(anonymous_3)
FN:47,(anonymous_4)
FN:54,(anonymous_5)
FN:56,(anonymous_6)
FN:69,(anonymous_7)
FN:87,(anonymous_8)
FNF:9
FNH:9
FNDA:45,LowStockAlert
FNDA:11,(anonymous_1)
FNDA:11,(anonymous_2)
FNDA:11,(anonymous_3)
FNDA:11,(anonymous_4)
FNDA:21,(anonymous_5)
FNDA:6,(anonymous_6)
FNDA:2,(anonymous_7)
FNDA:6,(anonymous_8)
DA:7,45
DA:8,45
DA:9,45
DA:11,45
DA:13,45
DA:16,45
DA:18,45
DA:19,11
DA:20,11
DA:21,11
DA:22,11
DA:23,11
DA:33,11
DA:34,11
DA:35,10
DA:36,11
DA:38,11
DA:39,11
DA:41,0
DA:42,0
DA:44,11
DA:47,11
DA:48,11
DA:54,45
DA:55,21
DA:56,6
DA:59,21
DA:63,45
DA:65,6
DA:66,2
DA:69,4
DA:71,2
DA:74,4
DA:88,6
LF:34
LH:32
BRDA:6,0,0,45
BRDA:13,1,0,45
BRDA:13,1,1,0
BRDA:34,2,0,1
BRDA:34,2,1,10
BRDA:35,3,0,10
BRDA:35,3,1,0
BRDA:39,4,0,11
BRDA:39,4,1,10
BRDA:44,5,0,10
BRDA:44,5,1,1
BRDA:56,6,0,6
BRDA:56,6,1,0
BRDA:63,7,0,39
BRDA:63,7,1,6
BRDA:63,8,0,45
BRDA:63,8,1,34
BRDA:65,9,0,2
BRDA:65,9,1,4
BRDA:65,10,0,6
BRDA:65,10,1,2
BRDA:92,11,0,6
BRDA:92,11,1,0
BRDA:95,12,0,6
BRDA:95,12,1,3
BRF:25
BRH:21
end_of_record
TN:
SF:src\components\modals\SupprimerUserModal.jsx
FN:5,SupprimerUserModal
FNF:1
FNH:1
FNDA:34,SupprimerUserModal
DA:13,34
DA:14,11
LF:2
LH:2
BRDA:13,0,0,23
BRDA:13,0,1,11
BRDA:23,1,0,11
BRDA:23,1,1,1
BRDA:26,2,0,34
BRDA:26,2,1,1
BRDA:43,3,0,5
BRDA:43,3,1,6
BRF:8
BRH:8
end_of_record
TN:
SF:src\pageCommandes\PageCommandes.jsx
FN:8,PageCommandes
FN:14,(anonymous_1)
FN:31,(anonymous_2)
FN:39,(anonymous_3)
FN:54,(anonymous_4)
FN:64,(anonymous_5)
FN:72,(anonymous_6)
FN:73,(anonymous_7)
FN:84,(anonymous_8)
FN:90,(anonymous_9)
FN:90,(anonymous_10)
FN:101,(anonymous_11)
FN:122,(anonymous_12)
FN:123,(anonymous_13)
FN:129,(anonymous_14)
FN:136,(anonymous_15)
FN:137,(anonymous_16)
FN:138,(anonymous_17)
FN:142,(anonymous_18)
FN:144,(anonymous_19)
FN:147,(anonymous_20)
FN:148,(anonymous_21)
FN:152,(anonymous_22)
FN:153,(anonymous_23)
FN:154,(anonymous_24)
FN:155,(anonymous_25)
FN:155,(anonymous_26)
FN:157,(anonymous_27)
FN:158,(anonymous_28)
FN:166,(anonymous_29)
FN:168,(anonymous_30)
FN:173,(anonymous_31)
FN:181,(anonymous_32)
FN:182,(anonymous_33)
FN:236,(anonymous_34)
FN:252,(anonymous_35)
FN:257,(anonymous_36)
FN:271,(anonymous_37)
FN:279,(anonymous_38)
FN:280,(anonymous_39)
FN:290,(anonymous_40)
FN:297,(anonymous_41)
FN:310,(anonymous_42)
FN:341,(anonymous_43)
FN:360,(anonymous_44)
FN:424,(anonymous_45)
FN:432,(anonymous_46)
FN:443,(anonymous_47)
FN:470,(anonymous_48)
FN:477,(anonymous_49)
FN:492,(anonymous_50)
FN:502,(anonymous_51)
FN:516,BadgeStatut
FNF:53
FNH:44
FNDA:96,PageCommandes
FNDA:24,(anonymous_1)
FNDA:24,(anonymous_2)
FNDA:24,(anonymous_3)
FNDA:5,(anonymous_4)
FNDA:4,(anonymous_5)
FNDA:3,(anonymous_6)
FNDA:3,(anonymous_7)
FNDA:5,(anonymous_8)
FNDA:2,(anonymous_9)
FNDA:2,(anonymous_10)
FNDA:9,(anonymous_11)
FNDA:41,(anonymous_12)
FNDA:39,(anonymous_13)
FNDA:2,(anonymous_14)
FNDA:4,(anonymous_15)
FNDA:4,(anonymous_16)
FNDA:4,(anonymous_17)
FNDA:3,(anonymous_18)
FNDA:3,(anonymous_19)
FNDA:3,(anonymous_20)
FNDA:3,(anonymous_21)
FNDA:0,(anonymous_22)
FNDA:0,(anonymous_23)
FNDA:0,(anonymous_24)
FNDA:0,(anonymous_25)
FNDA:0,(anonymous_26)
FNDA:96,(anonymous_27)
FNDA:21,(anonymous_28)
FNDA:11,(anonymous_29)
FNDA:8,(anonymous_30)
FNDA:2,(anonymous_31)
FNDA:2,(anonymous_32)
FNDA:2,(anonymous_33)
FNDA:3,(anonymous_34)
FNDA:3,(anonymous_35)
FNDA:16,(anonymous_36)
FNDA:0,(anonymous_37)
FNDA:31,(anonymous_38)
FNDA:19,(anonymous_39)
FNDA:4,(anonymous_40)
FNDA:0,(anonymous_41)
FNDA:19,(anonymous_42)
FNDA:3,(anonymous_43)
FNDA:0,(anonymous_44)
FNDA:1,(anonymous_45)
FNDA:0,(anonymous_46)
FNDA:41,(anonymous_47)
FNDA:3,(anonymous_48)
FNDA:1,(anonymous_49)
FNDA:4,(anonymous_50)
FNDA:5,(anonymous_51)
FNDA:46,BadgeStatut
DA:9,96
DA:10,96
DA:12,96
DA:13,96
DA:14,96
DA:16,96
DA:17,96
DA:18,96
DA:19,96
DA:21,96
DA:24,96
DA:25,96
DA:26,96
DA:27,96
DA:28,96
DA:29,96
DA:31,96
DA:32,24
DA:33,1
DA:34,1
DA:36,23
DA:39,96
DA:40,24
DA:41,24
DA:42,24
DA:43,24
DA:45,24
DA:46,23
DA:48,1
DA:50,24
DA:54,96
DA:55,5
DA:56,5
DA:57,4
DA:59,1
DA:60,1
DA:64,96
DA:65,4
DA:66,4
DA:67,4
DA:71,4
DA:72,3
DA:73,3
DA:75,3
DA:77,1
DA:78,1
DA:80,4
DA:84,96
DA:85,5
DA:86,3
DA:87,3
DA:88,3
DA:89,3
DA:90,2
DA:91,2
DA:93,1
DA:94,1
DA:96,3
DA:101,96
DA:102,9
DA:103,9
DA:104,9
DA:105,9
DA:106,7
DA:108,2
DA:109,2
DA:112,9
DA:113,9
DA:114,9
DA:115,8
DA:117,1
DA:122,96
DA:123,41
DA:124,41
DA:129,96
DA:130,2
DA:131,2
DA:132,2
DA:133,2
DA:136,96
DA:137,4
DA:138,4
DA:142,96
DA:143,3
DA:144,3
DA:145,3
DA:146,3
DA:147,3
DA:148,3
DA:152,96
DA:153,0
DA:154,96
DA:155,0
DA:157,96
DA:158,96
DA:159,96
DA:160,96
DA:164,96
DA:167,11
DA:168,8
DA:169,8
DA:170,11
DA:173,96
DA:174,2
DA:175,2
DA:176,2
DA:177,2
DA:178,2
DA:181,2
DA:182,2
DA:188,2
DA:199,2
DA:200,2
DA:202,1
DA:203,1
DA:204,1
DA:206,1
DA:208,1
DA:209,1
DA:210,1
DA:214,96
DA:215,24
DA:223,72
DA:236,3
DA:252,3
DA:258,16
DA:271,0
DA:280,31
DA:281,31
DA:282,31
DA:283,31
DA:290,4
DA:299,0
DA:304,0
DA:308,0
DA:311,19
DA:313,19
DA:314,19
DA:319,19
DA:342,3
DA:360,0
DA:425,1
DA:432,0
DA:444,41
DA:470,3
DA:478,1
DA:492,4
DA:502,5
DA:517,46
DA:518,46
DA:523,46
LF:151
LH:143
BRDA:32,0,0,1
BRDA:32,0,1,23
BRDA:43,1,0,24
BRDA:43,1,1,0
BRDA:57,2,0,4
BRDA:57,2,1,0
BRDA:71,3,0,1
BRDA:71,3,1,3
BRDA:71,4,0,1
BRDA:71,4,1,0
BRDA:73,5,0,3
BRDA:73,5,1,0
BRDA:75,6,0,1
BRDA:75,6,1,2
BRDA:85,7,0,2
BRDA:85,7,1,3
BRDA:89,8,0,1
BRDA:89,8,1,2
BRDA:89,9,0,1
BRDA:89,9,1,0
BRDA:91,10,0,0
BRDA:91,10,1,2
BRDA:103,11,0,9
BRDA:103,11,1,0
BRDA:106,12,0,7
BRDA:106,12,1,0
BRDA:112,13,0,9
BRDA:112,13,1,0
BRDA:115,14,0,8
BRDA:115,14,1,0
BRDA:124,15,0,38
BRDA:124,15,1,3
BRDA:138,16,0,4
BRDA:138,16,1,0
BRDA:145,17,0,3
BRDA:145,17,1,0
BRDA:146,18,0,3
BRDA:146,18,1,0
BRDA:148,19,0,3
BRDA:148,19,1,0
BRDA:159,20,0,96
BRDA:159,20,1,86
BRDA:160,21,0,96
BRDA:160,21,1,0
BRDA:164,22,0,96
BRDA:164,22,1,11
BRDA:164,22,2,11
BRDA:167,23,0,3
BRDA:167,23,1,8
BRDA:169,24,0,8
BRDA:169,24,1,0
BRDA:170,25,0,11
BRDA:170,25,1,8
BRDA:170,26,0,11
BRDA:170,26,1,0
BRDA:175,27,0,0
BRDA:175,27,1,2
BRDA:181,28,0,2
BRDA:181,28,1,2
BRDA:200,29,0,1
BRDA:200,29,1,1
BRDA:200,30,0,1
BRDA:200,30,1,0
BRDA:206,31,0,1
BRDA:206,31,1,0
BRDA:214,32,0,24
BRDA:214,32,1,72
BRDA:233,33,0,72
BRDA:233,33,1,31
BRDA:236,34,0,3
BRDA:236,34,1,1
BRDA:247,35,0,16
BRDA:247,35,1,15
BRDA:259,36,0,15
BRDA:259,36,1,1
BRDA:260,37,0,16
BRDA:260,37,1,1
BRDA:281,38,0,31
BRDA:281,38,1,21
BRDA:282,39,0,31
BRDA:282,39,1,21
BRDA:299,40,0,0
BRDA:299,40,1,0
BRDA:299,41,0,0
BRDA:299,41,1,0
BRDA:299,42,0,0
BRDA:299,42,1,0
BRDA:304,43,0,0
BRDA:304,43,1,0
BRDA:304,44,0,0
BRDA:304,44,1,0
BRDA:304,45,0,0
BRDA:304,45,1,0
BRDA:311,46,0,19
BRDA:311,46,1,0
BRDA:313,47,0,19
BRDA:313,47,1,19
BRDA:318,48,0,0
BRDA:318,48,1,19
BRDA:339,49,0,31
BRDA:339,49,1,21
BRDA:346,50,0,31
BRDA:346,50,1,10
BRDA:353,51,0,31
BRDA:353,51,1,0
BRDA:392,52,0,31
BRDA:392,52,1,8
BRDA:394,53,0,2
BRDA:394,53,1,29
BRDA:402,54,0,96
BRDA:402,54,1,5
BRDA:406,55,0,5
BRDA:406,55,1,0
BRDA:412,56,0,5
BRDA:412,56,1,1
BRDA:412,57,0,5
BRDA:412,57,1,0
BRDA:417,58,0,5
BRDA:417,58,1,1
BRDA:417,59,0,5
BRDA:417,59,1,0
BRDA:419,60,0,1
BRDA:419,60,1,0
BRDA:424,61,0,5
BRDA:424,61,1,0
BRDA:440,62,0,34
BRDA:440,62,1,38
BRDA:447,63,0,41
BRDA:447,63,1,1
BRDA:460,64,0,41
BRDA:460,64,1,2
BRDA:491,65,0,41
BRDA:491,65,1,1
BRDA:517,66,0,46
BRDA:517,66,1,0
BRDA:518,67,0,6
BRDA:518,67,1,40
BRDA:520,68,0,3
BRDA:520,68,1,37
BRF:139
BRH:98
end_of_record
TN:
SF:src\pageErreur\PageErreur.jsx
FN:3,(anonymous_0)
FNF:1
FNH:1
FNDA:1,(anonymous_0)
DA:3,1
DA:4,1
LF:2
LH:2
BRF:0
BRH:0
end_of_record
TN:
SF:src\pageInventaire\PageInventaire.jsx
FN:10,PageInventaire
FN:29,(anonymous_1)
FN:31,(anonymous_2)
FN:40,(anonymous_3)
FN:48,(anonymous_4)
FN:58,(anonymous_5)
FN:63,(anonymous_6)
FN:119,(anonymous_7)
FN:131,(anonymous_8)
FN:148,(anonymous_9)
FN:149,(anonymous_10)
FN:164,(anonymous_11)
FN:165,(anonymous_12)
FN:178,(anonymous_13)
FN:179,(anonymous_14)
FN:193,(anonymous_15)
FN:194,(anonymous_16)
FNF:17
FNH:15
FNDA:35,PageInventaire
FNDA:7,(anonymous_1)
FNDA:7,(anonymous_2)
FNDA:7,(anonymous_3)
FNDA:5,(anonymous_4)
FNDA:1,(anonymous_5)
FNDA:5,(anonymous_6)
FNDA:8,(anonymous_7)
FNDA:1,(anonymous_8)
FNDA:5,(anonymous_9)
FNDA:5,(anonymous_10)
FNDA:4,(anonymous_11)
FNDA:4,(anonymous_12)
FNDA:4,(anonymous_13)
FNDA:4,(anonymous_14)
FNDA:0,(anonymous_15)
FNDA:0,(anonymous_16)
DA:11,35
DA:12,35
DA:14,35
DA:16,35
DA:19,35
DA:20,35
DA:21,35
DA:28,35
DA:29,35
DA:31,35
DA:32,7
DA:33,7
DA:34,7
DA:36,0
DA:40,35
DA:41,7
DA:42,1
DA:43,1
DA:45,6
DA:48,35
DA:49,5
DA:55,5
DA:58,35
DA:59,1
DA:60,1
DA:63,35
DA:64,5
DA:67,5
DA:68,5
DA:69,5
DA:71,5
DA:72,1
DA:73,1
DA:75,4
DA:76,1
DA:77,1
DA:79,3
DA:80,1
DA:81,1
DA:84,2
DA:85,2
DA:87,2
DA:96,2
DA:98,1
DA:99,1
DA:101,1
DA:102,1
DA:103,1
DA:107,35
DA:120,8
DA:131,1
DA:149,5
DA:165,4
DA:179,4
DA:194,0
LF:55
LH:53
BRDA:34,0,0,7
BRDA:34,0,1,1
BRDA:41,1,0,1
BRDA:41,1,1,6
BRDA:67,2,0,5
BRDA:67,2,1,0
BRDA:71,3,0,1
BRDA:71,3,1,4
BRDA:75,4,0,1
BRDA:75,4,1,3
BRDA:75,5,0,4
BRDA:75,5,1,4
BRDA:79,6,0,1
BRDA:79,6,1,2
BRDA:79,7,0,3
BRDA:79,7,1,2
BRDA:96,8,0,1
BRDA:96,8,1,1
BRDA:96,9,0,1
BRDA:96,9,1,0
BRDA:118,10,0,8
BRDA:118,10,1,27
BRDA:128,11,0,35
BRDA:128,11,1,21
BRDA:131,12,0,1
BRDA:131,12,1,0
BRDA:209,13,0,2
BRDA:209,13,1,19
BRF:28
BRH:25
end_of_record
TN:
SF:src\pageProfil\Profil.jsx
FN:10,Profil
FN:19,(anonymous_1)
FN:25,(anonymous_2)
FN:47,(anonymous_3)
FN:54,(anonymous_4)
FN:70,(anonymous_5)
FN:86,(anonymous_6)
FN:112,(anonymous_7)
FN:118,(anonymous_8)
FN:139,(anonymous_9)
FNF:10
FNH:9
FNDA:28,Profil
FNDA:9,(anonymous_1)
FNDA:8,(anonymous_2)
FNDA:4,(anonymous_3)
FNDA:3,(anonymous_4)
FNDA:3,(anonymous_5)
FNDA:0,(anonymous_6)
FNDA:12,(anonymous_7)
FNDA:4,(anonymous_8)
FNDA:1,(anonymous_9)
DA:11,28
DA:12,28
DA:13,28
DA:14,28
DA:15,28
DA:16,28
DA:17,28
DA:19,28
DA:20,9
DA:25,28
DA:26,8
DA:27,8
DA:34,8
DA:35,7
DA:36,7
DA:38,1
DA:39,1
DA:47,28
DA:48,4
DA:49,4
DA:50,4
DA:54,28
DA:55,3
DA:57,3
DA:58,0
DA:62,0
DA:63,0
DA:66,3
DA:67,3
DA:70,3
DA:71,3
DA:72,3
DA:74,3
DA:75,3
DA:83,3
DA:85,1
DA:86,1
DA:87,1
DA:90,2
DA:94,1
DA:95,1
DA:97,3
DA:98,3
DA:99,3
DA:103,28
DA:113,12
DA:118,4
DA:140,1
DA:141,1
LF:49
LH:46
BRDA:17,0,0,28
BRDA:17,0,1,0
BRDA:20,1,0,8
BRDA:20,1,1,1
BRDA:34,2,0,1
BRDA:34,2,1,7
BRDA:36,3,0,7
BRDA:36,3,1,1
BRDA:48,4,0,4
BRDA:48,4,1,0
BRDA:55,5,0,0
BRDA:55,5,1,3
BRDA:57,6,0,0
BRDA:57,6,1,3
BRDA:57,7,0,3
BRDA:57,7,1,3
BRDA:71,8,0,3
BRDA:71,8,1,0
BRDA:71,9,0,3
BRDA:71,9,1,3
BRDA:79,10,0,2
BRDA:79,10,1,1
BRDA:83,11,0,1
BRDA:83,11,1,2
BRDA:107,12,0,27
BRDA:107,12,1,1
BRDA:109,13,0,15
BRDA:109,13,1,12
BRDA:114,14,0,12
BRDA:114,14,1,0
BRDA:115,15,0,12
BRDA:115,15,1,3
BRDA:115,16,0,0
BRDA:115,16,1,3
BRDA:119,17,0,12
BRDA:119,17,1,12
BRDA:136,18,0,28
BRDA:136,18,1,24
BRDA:136,18,2,24
BRF:39
BRH:32
end_of_record
